<?xml version="1.0" encoding="UTF-8"?>
<!-- Generated by org.testng.reporters.JUnitReportReporter -->
<testsuite hostname="INDPRFTCPL581" failures="0" tests="1" name="com.practice.restAssured.OwnAPI_Get_Post" time="0.931" errors="0" timestamp="2022-05-05T18:25:51 IST" skipped="0">
  <testcase classname="com.practice.restAssured.OwnAPI_Get_Post" name="testOne" time="0.931"/>
  <system-out/>
</testsuite> <!-- com.practice.restAssured.OwnAPI_Get_Post -->
