<?xml version="1.0" encoding="UTF-8"?>
<!-- Generated by org.testng.reporters.JUnitReportReporter -->
<testsuite hostname="INDPRFTCPL581" failures="0" tests="1" name="com.practice.restAssured.OwnAPI_GetData" time="0.906" errors="0" timestamp="2022-05-16T17:16:37 IST" skipped="0">
  <testcase classname="com.practice.restAssured.OwnAPI_GetData" name="testOneGetData" time="0.906"/>
  <system-out/>
</testsuite> <!-- com.practice.restAssured.OwnAPI_GetData -->
