<?xml version="1.0" encoding="UTF-8"?>
<!-- Generated by org.testng.reporters.JUnitReportReporter -->
<testsuite hostname="INDPRFTCPL1160" failures="0" tests="3" name="Rahulshetty.udemy.PracticeLibraryAPIS.LibraryAPI" time="2.856" errors="0" timestamp="2023-04-07T18:16:00 IST" skipped="0">
  <testcase classname="Rahulshetty.udemy.PracticeLibraryAPIS.LibraryAPI" name="addBook" time="0.611"/>
  <system-out/>
  <testcase classname="Rahulshetty.udemy.PracticeLibraryAPIS.LibraryAPI" name="addBook" time="0.472"/>
  <system-out/>
  <testcase classname="Rahulshetty.udemy.PracticeLibraryAPIS.LibraryAPI" name="addBook" time="1.773"/>
  <system-out/>
</testsuite> <!-- Rahulshetty.udemy.PracticeLibraryAPIS.LibraryAPI -->
