<?xml version="1.0" encoding="UTF-8"?>
<!-- Generated by org.testng.reporters.JUnitReportReporter -->
<testsuite hostname="INDPRFTCPL581" failures="0" tests="1" name="com.practice.restAssured.demoPrac" time="1.406" errors="0" timestamp="2022-06-01T19:13:23 IST" skipped="0">
  <testcase classname="com.practice.restAssured.demoPrac" name="getData" time="1.406"/>
  <system-out/>
</testsuite> <!-- com.practice.restAssured.demoPrac -->
