<?xml version="1.0" encoding="UTF-8"?>
<!-- Generated by org.testng.reporters.JUnitReportReporter -->
<testsuite hostname="INDPRFTCPL581" failures="0" tests="1" name="com.practice.restAssured.OwnAPI_Get_Delete" time="0.862" errors="0" timestamp="2022-05-05T18:28:57 IST" skipped="0">
  <testcase classname="com.practice.restAssured.OwnAPI_Get_Delete" name="testOne" time="0.862"/>
  <system-out/>
</testsuite> <!-- com.practice.restAssured.OwnAPI_Get_Delete -->
