<?xml version="1.0" encoding="UTF-8"?>
<!-- Generated by org.testng.reporters.JUnitReportReporter -->
<testsuite hostname="INDPRFTCPL581" failures="0" tests="1" name="com.practice.restAssured.validateResponseJSON" time="1.073" errors="0" timestamp="2022-05-16T17:56:29 IST" skipped="0">
  <testcase classname="com.practice.restAssured.validateResponseJSON" name="validateResponseJson" time="1.073"/>
  <system-out/>
</testsuite> <!-- com.practice.restAssured.validateResponseJSON -->
