<?xml version="1.0" encoding="UTF-8"?>
<!-- Generated by org.testng.reporters.JUnitReportReporter -->
<testsuite hostname="INDPRFTCPL581" failures="0" tests="1" name="AOC_Project.BaseClass" time="62.906" errors="0" timestamp="2022-10-02T17:18:36 IST" skipped="0">
  <testcase classname="AOC_Project.BaseClass" name="setUp" time="62.906"/>
  <system-out/>
</testsuite> <!-- AOC_Project.BaseClass -->
