<?xml version="1.0" encoding="UTF-8"?>
<!-- Generated by org.testng.reporters.JUnitReportReporter -->
<testsuite hostname="INDPRFTCPL581" failures="0" tests="1" name="AppiumProjects.ScrollMobile" time="11.780" errors="0" timestamp="2022-09-29T17:18:00 IST" skipped="0">
  <testcase classname="AppiumProjects.ScrollMobile" name="scrollInto" time="11.780"/>
  <system-out/>
</testsuite> <!-- AppiumProjects.ScrollMobile -->
