<?xml version="1.0" encoding="UTF-8"?>
<!-- Generated by org.testng.reporters.JUnitReportReporter -->
<testsuite hostname="INDPRFTCPL1160" failures="0" tests="2" name="AOC_Project.SignupPage" time="69.755" errors="0" timestamp="2023-02-08T11:21:30 IST" skipped="0">
  <testcase classname="AOC_Project.SignupPage" name="signup_AOC" time="56.998"/>
  <system-out/>
  <testcase classname="AOC_Project.SignupPage" name="setUp" time="12.757"/>
  <system-out/>
</testsuite> <!-- AOC_Project.SignupPage -->
