<?xml version="1.0" encoding="UTF-8"?>
<!-- Generated by org.testng.reporters.JUnitReportReporter -->
<testsuite hostname="INDPRFTCPL1160" failures="0" tests="1" name="AppiumProjects.SwipeAction" time="5.467" errors="0" timestamp="2023-08-17T23:04:38 IST" skipped="0">
  <testcase classname="AppiumProjects.SwipeAction" name="scrollInto" time="5.467"/>
  <system-out/>
</testsuite> <!-- AppiumProjects.SwipeAction -->
