<?xml version="1.0" encoding="UTF-8"?>
<!-- Generated by org.testng.reporters.JUnitReportReporter -->
<testsuite hostname="INDPRFTCPL1160" failures="0" tests="1" name="AppiumProjects.DragAndDrop" time="5.165" errors="0" timestamp="2023-08-17T23:03:59 IST" skipped="0">
  <testcase classname="AppiumProjects.DragAndDrop" name="dragAndDrop" time="5.165"/>
  <system-out/>
</testsuite> <!-- AppiumProjects.DragAndDrop -->
