<?xml version="1.0" encoding="UTF-8"?>
<!-- Generated by org.testng.reporters.JUnitReportReporter -->
<testsuite hostname="INDPRFTCPL1160" failures="0" tests="1" name="AppiumProjects.FirstAppium_RS" time="5.984" errors="0" timestamp="2023-08-17T23:03:18 IST" skipped="0">
  <testcase classname="AppiumProjects.FirstAppium_RS" name="wifiSettings" time="5.984"/>
  <system-out/>
</testsuite> <!-- AppiumProjects.FirstAppium_RS -->
