<?xml version="1.0" encoding="UTF-8"?>
<!-- Generated by org.testng.reporters.JUnitReportReporter -->
<testsuite hostname="INDPRFTCPL581" failures="0" tests="1" name="AppiumProjects.MyPractice" time="5.676" errors="0" timestamp="2022-10-02T15:54:51 IST" skipped="0">
  <testcase classname="AppiumProjects.MyPractice" name="myPractice" time="5.676"/>
  <system-out/>
</testsuite> <!-- AppiumProjects.MyPractice -->
