<?xml version="1.0" encoding="UTF-8"?>
<!-- Generated by org.testng.reporters.JUnitReportReporter -->
<testsuite hostname="INDPRFTCPL1160" failures="0" tests="2" name="com.verifyStoredProcedure.Practice_DB" time="0.283" errors="0" timestamp="2023-07-06T21:34:49 IST" skipped="1">
  <testcase classname="com.verifyStoredProcedure.Practice_DB" name="compareTablesWithDifferentColumnPositions" time="0.283"/>
  <system-out/>
  <testcase classname="com.verifyStoredProcedure.Practice_DB" name="VerifyCountofEmployees">
    <skipped/>
  </testcase> <!-- VerifyCountofEmployees -->
  <system-out/>
</testsuite> <!-- com.verifyStoredProcedure.Practice_DB -->
